16-1-22 20:09:17	|ERROR|	TEST
16-1-22 20:09:17	|ERROR|	No such file or directory
16-1-22 20:09:17	|ERROR|	Operation not permitted
16-1-22 20:09:17	|ERROR|	Operation not permitted
16-1-22 20:09:17	|ERROR|	Operation not permitted
16-1-22 20:09:17	|ERROR|	Operation not permitted
16-01-22 20:10:25	|ERROR|	TEST
16-01-22 20:10:25	|ERROR|	No such file or directory
16-01-22 20:10:25	|ERROR|	Operation not permitted
16-01-22 20:10:25	|ERROR|	Operation not permitted
16-01-22 20:10:25	|ERROR|	Operation not permitted
16-01-22 20:10:25	|ERROR|	Operation not permitted
16-01-22 20:11:37	|ERROR|	No such file or directory
16-01-22 20:11:37	|ERROR|	Operation not permitted
16-01-22 20:11:37	|ERROR|	Operation not permitted
16-01-22 20:11:37	|ERROR|	Operation not permitted
16-01-22 20:11:37	|ERROR|	Operation not permitted
16-01-22 20:13:01	|ERROR|	No such file or directory
16-01-22 20:13:01	|ERROR|	Operation not permitted
16-01-22 20:13:01	|ERROR|	Operation not permitted
16-01-22 20:13:01	|ERROR|	Operation not permitted
16-01-22 20:13:01	|ERROR|	Operation not permitted
16-01-22 20:13:03	|ERROR|	TEST
16-01-22 20:13:56	|ERROR|	No such file or directory
16-01-22 20:13:56	|ERROR|	Operation not permitted
16-01-22 20:13:56	|ERROR|	Operation not permitted
16-01-22 20:13:56	|ERROR|	Operation not permitted
16-01-22 20:13:56	|ERROR|	Operation not permitted
16-01-22 20:13:58	|ERROR|	TEST
16-01-22 20:14:19	|ERROR|	No such file or directory
16-01-22 20:14:19	|ERROR|	Operation not permitted
16-01-22 20:14:19	|ERROR|	Operation not permitted
16-01-22 20:14:19	|ERROR|	Operation not permitted
16-01-22 20:14:19	|ERROR|	Operation not permitted
16-01-22 20:14:20	|ERROR|	TEST
16-01-22 20:15:14	|ERROR|	No such file or directory
16-01-22 20:15:15	|ERROR|	TEST
16-01-22 20:18:15	|ERROR|	No such file or directory
16-01-22 20:18:16	|ERROR|	TEST
16-01-22 20:24:24	|ERROR|	No such file or directory
16-01-22 20:24:24	|ERROR|	Corrupted Vehicles file, value on that line not read!
16-01-22 20:24:24	|ERROR|	Corrupted Vehicles file, value on that line not read!
16-01-22 20:24:24	|ERROR|	Corrupted Vehicles file, value on that line not read!
16-01-22 20:24:24	|ERROR|	Corrupted Vehicles file, value on that line not read!
16-01-22 20:24:34	|ERROR|	TEST
16-01-22 20:27:16	No such file or directory
16-01-22 20:27:16	Corrupted Vehicles file, value on that line not read!
16-01-22 20:27:16	Corrupted Vehicles file, value on that line not read!
16-01-22 20:27:16	Corrupted Vehicles file, value on that line not read!
16-01-22 20:27:16	Corrupted Vehicles file, value on that line not read!
16-01-22 20:27:19	TEST
16-01-22 20:28:07	No such file or directory
16-01-22 20:28:07	Corrupted Vehicles file, value on that line not read!
16-01-22 20:28:07	Corrupted Vehicles file, value on that line not read!
16-01-22 20:28:07	Corrupted Vehicles file, value on that line not read!
16-01-22 20:28:07	Corrupted Vehicles file, value on that line not read!
16-01-22 20:28:09	TEST
16-01-22 20:30:02	No such file or directory
16-01-22 20:30:02	Corrupted Vehicles file, value on that line not read!
16-01-22 20:30:02	Corrupted Vehicles file, value on that line not read!
16-01-22 20:30:02	Corrupted Vehicles file, value on that line not read!
16-01-22 20:30:02	Corrupted Vehicles file, value on that line not read!
16-01-22 20:30:03	TEST
16-01-22 20:31:01	No such file or directory
16-01-22 20:31:01	Corrupted Vehicles file, value on that line not read!
16-01-22 20:31:01	Corrupted Vehicles file, value on that line not read!
16-01-22 20:31:01	Corrupted Vehicles file, value on that line not read!
16-01-22 20:31:01	Corrupted Vehicles file, value on that line not read!
16-01-22 20:31:02	TEST
16-01-22 20:31:26	No such file or directory
16-01-22 20:31:26	Corrupted Vehicles file, value on that line not read!
16-01-22 20:31:26	Corrupted Vehicles file, value on that line not read!
16-01-22 20:31:26	Corrupted Vehicles file, value on that line not read!
16-01-22 20:31:26	Corrupted Vehicles file, value on that line not read!
16-01-22 20:31:28	TEST
16-01-22 20:31:39	No such file or directory
16-01-22 20:31:39	|ERROR|	Corrupted Vehicles file, value on that line not read!
16-01-22 20:31:39	|ERROR|	Corrupted Vehicles file, value on that line not read!
16-01-22 20:31:39	|ERROR|	Corrupted Vehicles file, value on that line not read!
16-01-22 20:31:39	|ERROR|	Corrupted Vehicles file, value on that line not read!
16-01-22 20:31:41	|ERROR|	TEST
16-01-22 20:32:21	No such file or directory
16-01-22 20:32:21	|ERROR|	Corrupted Vehicles file, value on that line not read!
16-01-22 20:32:21	|ERROR|	Corrupted Vehicles file, value on that line not read!
16-01-22 20:32:21	|ERROR|	Corrupted Vehicles file, value on that line not read!
16-01-22 20:32:21	|ERROR|	Corrupted Vehicles file, value on that line not read!
16-01-22 20:32:23	|ERROR|	TEST
