Sun Jan 16 12:47:33 2022
|ERROR|	Operation not permittedSun Jan 16 12:47:33 2022
|ERROR|	Operation not permittedSun Jan 16 12:47:33 2022
|ERROR|	Operation not permittedSun Jan 16 12:47:33 2022
|ERROR|	Operation not permittedSun Jan 16 12:47:33 2022
|ERROR|	No such file or directorySun Jan 16 12:49:09 2022
|ERROR|	Operation not permittedSun Jan 16 12:49:09 2022
|ERROR|	Operation not permittedSun Jan 16 12:49:09 2022
|ERROR|	Operation not permittedSun Jan 16 12:49:09 2022
|ERROR|	Operation not permittedSun Jan 16 12:49:09 2022
|ERROR|	No such file or directorySun Jan 16 12:52:06 2022
|ERROR|	Operation not permittedSun Jan 16 12:52:06 2022
|ERROR|	Operation not permittedSun Jan 16 12:52:06 2022
|ERROR|	Operation not permittedSun Jan 16 13:01:49 2022
|ERROR|	Operation not permittedSun Jan 16 13:01:49 2022
|ERROR|	Operation not permittedSun Jan 16 13:01:49 2022
|ERROR|	Operation not permittedSun Jan 16 13:01:49 2022
|ERROR|	Operation not permittedSun Jan 16 13:01:49 2022
|ERROR|	No such file or directorySun Jan 16 13:02:00 2022
|ERROR|	Operation not permittedSun Jan 16 13:02:00 2022
|ERROR|	Operation not permittedSun Jan 16 13:02:00 2022
|ERROR|	Operation not permittedSun Jan 16 13:02:00 2022
|ERROR|	Operation not permittedSun Jan 16 13:02:00 2022
|ERROR|	No such file or directorySun Jan 16 14:31:43 2022
|ERROR|	Operation not permittedSun Jan 16 14:31:43 2022
|ERROR|	Operation not permittedSun Jan 16 14:31:43 2022
|ERROR|	Operation not permittedSun Jan 16 14:31:43 2022
|ERROR|	Operation not permittedSun Jan 16 14:31:43 2022
|ERROR|	No such file or directorySun Jan 16 14:31:49 2022
|ERROR|	Operation not permittedSun Jan 16 14:31:49 2022
|ERROR|	Operation not permittedSun Jan 16 14:31:49 2022
|ERROR|	Operation not permittedSun Jan 16 14:31:49 2022
|ERROR|	Operation not permittedSun Jan 16 14:31:49 2022
|ERROR|	No such file or directorySun Jan 16 14:32:24 2022
|ERROR|	Operation not permittedSun Jan 16 14:32:24 2022
|ERROR|	Operation not permittedSun Jan 16 14:32:24 2022
|ERROR|	Operation not permittedSun Jan 16 14:32:24 2022
|ERROR|	Operation not permittedSun Jan 16 14:32:24 2022
|ERROR|	No such file or directorySun Jan 16 14:35:10 2022
|ERROR|	Operation not permittedSun Jan 16 14:35:10 2022
|ERROR|	Operation not permittedSun Jan 16 14:35:10 2022
|ERROR|	Operation not permittedSun Jan 16 14:35:10 2022
|ERROR|	Operation not permittedSun Jan 16 14:35:10 2022
|ERROR|	No such file or directorySun Jan 16 14:44:03 2022
|ERROR|	Operation not permittedSun Jan 16 14:44:03 2022
|ERROR|	Operation not permittedSun Jan 16 14:44:03 2022
|ERROR|	Operation not permittedSun Jan 16 14:44:03 2022
|ERROR|	Operation not permittedSun Jan 16 14:44:03 2022
|ERROR|	No such file or directorySun Jan 16 14:45:51 2022
|ERROR|	Operation not permittedSun Jan 16 14:45:51 2022
|ERROR|	Operation not permittedSun Jan 16 14:45:51 2022
|ERROR|	Operation not permittedSun Jan 16 14:45:51 2022
|ERROR|	Operation not permittedSun Jan 16 14:45:51 2022
|ERROR|	No such file or directorySun Jan 16 14:46:02 2022
|ERROR|	Operation not permittedSun Jan 16 14:46:02 2022
|ERROR|	Operation not permittedSun Jan 16 14:46:02 2022
|ERROR|	Operation not permittedSun Jan 16 14:46:02 2022
|ERROR|	Operation not permittedSun Jan 16 14:46:02 2022
|ERROR|	No such file or directorySun Jan 16 14:46:46 2022
|ERROR|	Operation not permittedSun Jan 16 14:46:46 2022
|ERROR|	Operation not permittedSun Jan 16 14:46:46 2022
|ERROR|	Operation not permittedSun Jan 16 14:46:46 2022
|ERROR|	Operation not permittedSun Jan 16 14:46:46 2022
|ERROR|	No such file or directorySun Jan 16 15:04:25 2022
|ERROR|	Operation not permittedSun Jan 16 15:04:25 2022
|ERROR|	Operation not permittedSun Jan 16 15:04:25 2022
|ERROR|	Operation not permittedSun Jan 16 15:04:25 2022
|ERROR|	Operation not permittedSun Jan 16 15:04:25 2022
|ERROR|	No such file or directorySun Jan 16 15:04:33 2022
|ERROR|	Operation not permittedSun Jan 16 15:04:33 2022
|ERROR|	Operation not permittedSun Jan 16 15:04:33 2022
|ERROR|	Operation not permittedSun Jan 16 15:04:33 2022
|ERROR|	Operation not permittedSun Jan 16 15:04:33 2022
|ERROR|	No such file or directorySun Jan 16 15:12:05 2022
|ERROR|	Operation not permittedSun Jan 16 15:12:05 2022
|ERROR|	Operation not permittedSun Jan 16 15:12:05 2022
|ERROR|	Operation not permittedSun Jan 16 15:12:05 2022
|ERROR|	Operation not permittedSun Jan 16 15:12:05 2022
|ERROR|	No such file or directorySun Jan 16 15:14:45 2022
|ERROR|	Operation not permittedSun Jan 16 15:14:45 2022
|ERROR|	Operation not permittedSun Jan 16 15:14:45 2022
|ERROR|	Operation not permittedSun Jan 16 15:14:45 2022
|ERROR|	Operation not permittedSun Jan 16 15:14:45 2022
|ERROR|	No such file or directorySun Jan 16 15:29:57 2022
|ERROR|	Operation not permittedSun Jan 16 15:29:57 2022
|ERROR|	Operation not permittedSun Jan 16 15:29:57 2022
|ERROR|	Operation not permittedSun Jan 16 15:29:57 2022
|ERROR|	Operation not permittedSun Jan 16 15:29:57 2022
|ERROR|	No such file or directorySun Jan 16 16:23:06 2022
|ERROR|	Operation not permittedSun Jan 16 16:23:06 2022
|ERROR|	Operation not permittedSun Jan 16 16:23:06 2022
|ERROR|	Operation not permittedSun Jan 16 16:23:06 2022
|ERROR|	Operation not permittedSun Jan 16 16:23:06 2022
|ERROR|	No such file or directorySun Jan 16 16:56:36 2022
|ERROR|	Operation not permittedSun Jan 16 16:56:36 2022
|ERROR|	Operation not permittedSun Jan 16 16:56:36 2022
|ERROR|	Operation not permittedSun Jan 16 16:56:36 2022
|ERROR|	Operation not permittedSun Jan 16 16:56:36 2022
|ERROR|	No such file or directorySun Jan 16 16:59:22 2022
|ERROR|	Operation not permittedSun Jan 16 16:59:22 2022
|ERROR|	Operation not permittedSun Jan 16 16:59:22 2022
|ERROR|	Operation not permittedSun Jan 16 16:59:22 2022
|ERROR|	Operation not permittedSun Jan 16 16:59:22 2022
|ERROR|	No such file or directorySun Jan 16 17:07:13 2022
|ERROR|	Operation not permittedSun Jan 16 17:07:13 2022
|ERROR|	Operation not permittedSun Jan 16 17:07:13 2022
|ERROR|	Operation not permittedSun Jan 16 17:07:13 2022
|ERROR|	Operation not permittedSun Jan 16 17:07:13 2022
|ERROR|	No such file or directorySun Jan 16 17:16:12 2022
|ERROR|	Operation not permittedSun Jan 16 17:16:12 2022
|ERROR|	Operation not permittedSun Jan 16 17:16:12 2022
|ERROR|	Operation not permittedSun Jan 16 17:16:12 2022
|ERROR|	Operation not permittedSun Jan 16 17:16:12 2022
|ERROR|	No such file or directorySun Jan 16 17:18:04 2022
|ERROR|	Operation not permittedSun Jan 16 17:18:04 2022
|ERROR|	Operation not permittedSun Jan 16 17:18:04 2022
|ERROR|	Operation not permittedSun Jan 16 17:18:04 2022
|ERROR|	Operation not permittedSun Jan 16 17:18:04 2022
|ERROR|	No such file or directory16-1--78 20-5-15|ERROR|	Operation not permitted16-1--78 20-5-15|ERROR|	Operation not permitted16-1--78 20-5-15|ERROR|	Operation not permitted16-1--78 20-5-15|ERROR|	Operation not permitted16-1--78 20-5-15|ERROR|	No such file or directory16-1--78 20-5-15|ERROR|	TEST16-1--78 20-5-35|ERROR|	TEST16-1--78 20-5-35|ERROR|	No such file or directory16-1--78 20-5-35|ERROR|	Operation not permitted16-1--78 20-5-35|ERROR|	Operation not permitted16-1--78 20-5-35|ERROR|	Operation not permitted16-1--78 20-5-35|ERROR|	Operation not permitted16-1--78 20:06:50|ERROR|	TEST16-1--78 20:06:50|ERROR|	No such file or directory16-1--78 20:06:50|ERROR|	Operation not permitted16-1--78 20:06:50|ERROR|	Operation not permitted16-1--78 20:06:50|ERROR|	Operation not permitted16-1--78 20:06:50|ERROR|	Operation not permitted16-1-22 20:07:33|ERROR|	TEST16-1-22 20:07:33|ERROR|	No such file or directory16-1-22 20:07:33|ERROR|	Operation not permitted16-1-22 20:07:33|ERROR|	Operation not permitted16-1-22 20:07:33|ERROR|	Operation not permitted16-1-22 20:07:33|ERROR|	Operation not permitted16-1-22 20:07:41|ERROR|	TEST16-1-22 20:07:41|ERROR|	No such file or directory16-1-22 20:07:41|ERROR|	Operation not permitted16-1-22 20:07:41|ERROR|	Operation not permitted16-1-22 20:07:41|ERROR|	Operation not permitted16-1-22 20:07:41|ERROR|	Operation not permitted16-1-22 20:08:21	|ERROR|	TEST
16-1-22 20:08:21	|ERROR|	No such file or directory
16-1-22 20:08:21	|ERROR|	Operation not permitted
16-1-22 20:08:21	|ERROR|	Operation not permitted
16-1-22 20:08:21	|ERROR|	Operation not permitted
16-1-22 20:08:21	|ERROR|	Operation not permitted
16-1-22 20:08:35	|ERROR|	TEST
16-1-22 20:08:35	|ERROR|	No such file or directory
16-1-22 20:08:35	|ERROR|	Operation not permitted
16-1-22 20:08:35	|ERROR|	Operation not permitted
16-1-22 20:08:35	|ERROR|	Operation not permitted
16-1-22 20:08:35	|ERROR|	Operation not permitted
