|ERROR|	Sat Jan  8 21:43:22 2022
No such file or directory|ERROR|	Sat Jan  8 21:43:22 2022
No such file or directory|ERROR|	Sat Jan  8 21:43:22 2022
Operation not permitted|ERROR|	Sat Jan  8 21:43:22 2022
Operation not permitted|ERROR|	Sat Jan  8 21:43:22 2022
Operation not permitted|ERROR|	Sat Jan  8 21:43:22 2022
Operation not permitted|ERROR|	Sat Jan  8 21:55:17 2022
No such file or directory|ERROR|	Sat Jan  8 21:55:17 2022
No such file or directory|ERROR|	Sat Jan  8 21:55:17 2022
Operation not permitted|ERROR|	Sat Jan  8 21:55:17 2022
Operation not permitted|ERROR|	Sat Jan  8 21:55:17 2022
Operation not permitted|ERROR|	Sat Jan  8 21:55:17 2022
Operation not permitted|ERROR|	Sat Jan  8 21:55:24 2022
No such file or directory|ERROR|	Sat Jan  8 21:55:24 2022
No such file or directory|ERROR|	Sat Jan  8 21:55:24 2022
Operation not permitted|ERROR|	Sat Jan  8 21:55:24 2022
Operation not permitted|ERROR|	Sat Jan  8 21:55:24 2022
Operation not permitted|ERROR|	Sat Jan  8 21:55:24 2022
Operation not permittedSat Jan  8 21:58:28 2022
|ERROR|	No such file or directorySat Jan  8 21:58:28 2022
|ERROR|	No such file or directorySat Jan  8 21:58:28 2022
|ERROR|	Operation not permittedSat Jan  8 21:58:28 2022
|ERROR|	Operation not permittedSat Jan  8 21:58:28 2022
|ERROR|	Operation not permittedSat Jan  8 21:58:28 2022
|ERROR|	Operation not permittedSat Jan  8 21:58:36 2022
|ERROR|	No such file or directorySat Jan  8 21:58:36 2022
|ERROR|	No such file or directorySat Jan  8 21:58:36 2022
|ERROR|	Operation not permittedSat Jan  8 21:58:36 2022
|ERROR|	Operation not permittedSat Jan  8 21:58:36 2022
|ERROR|	Operation not permittedSat Jan  8 21:58:36 2022
|ERROR|	Operation not permitted%[0-9a-zA-z]|ERROR|	Sat Jan  8 22:06:08 2022
%[0-9a-zA-z]|ERROR|	Sat Jan  8 22:06:08 2022
%[0-9a-zA-z]|ERROR|	Sat Jan  8 22:06:08 2022
%[0-9a-zA-z]|ERROR|	Sat Jan  8 22:06:08 2022
%[0-9a-zA-z]|ERROR|	Sat Jan  8 22:06:08 2022
%[0-9a-zA-z]|ERROR|	Sat Jan  8 22:06:08 2022
%[0-9a-zA-z]|ERROR|	Sat Jan  8 22:06:14 2022
%[0-9a-zA-z]|ERROR|	Sat Jan  8 22:06:14 2022
%[0-9a-zA-z]|ERROR|	Sat Jan  8 22:06:14 2022
%[0-9a-zA-z]|ERROR|	Sat Jan  8 22:06:14 2022
%[0-9a-zA-z]|ERROR|	Sat Jan  8 22:06:14 2022
%[0-9a-zA-z]|ERROR|	Sat Jan  8 22:06:14 2022
%[a-zA-z0-9 ]|ERROR|	Sat Jan  8 22:08:16 2022
%[a-zA-z0-9 ]|ERROR|	Sat Jan  8 22:08:16 2022
%[a-zA-z0-9 ]|ERROR|	Sat Jan  8 22:08:16 2022
%[a-zA-z0-9 ]|ERROR|	Sat Jan  8 22:08:16 2022
%[a-zA-z0-9 ]|ERROR|	Sat Jan  8 22:08:16 2022
%[a-zA-z0-9 ]|ERROR|	Sat Jan  8 22:08:16 2022
%[a-zA-z0-9 ]|ERROR|	Sat Jan  8 22:08:31 2022
%[a-zA-z0-9 ]|ERROR|	Sat Jan  8 22:08:31 2022
%[a-zA-z0-9 ]|ERROR|	Sat Jan  8 22:08:31 2022
%[a-zA-z0-9 ]|ERROR|	Sat Jan  8 22:08:31 2022
%[a-zA-z0-9 ]|ERROR|	Sat Jan  8 22:08:31 2022
%[a-zA-z0-9 ]|ERROR|	Sat Jan  8 22:08:31 2022
